<?xml version="1.0" encoding="UTF-8"?>
<!-- Generated by org.testng.reporters.JUnitReportReporter -->
<testsuite hostname="Cybil" failures="0" tests="3" name="dataread.ExcelDataReading" time="0.011" errors="0" timestamp="2023-10-03T08:53:06 IST" skipped="0">
  <testcase classname="dataread.ExcelDataReading" name="ReadTestData" time="0.002"/>
  <testcase classname="dataread.ExcelDataReading" name="ReadTestData" time="0.000"/>
  <testcase classname="dataread.ExcelDataReading" name="ReadTestData" time="0.009"/>
</testsuite> <!-- dataread.ExcelDataReading -->
